  Game.cpp
d:\gitproject\project\projectcs202\projectcs202\utils.h(8): error C3867: 'std::basic_string<char,std::char_traits<char>,std::allocator<char>>::c_str': non-standard syntax; use '&' to create a pointer to member
d:\gitproject\project\projectcs202\projectcs202\object.h(6): error C2011: 'CObject': 'class' type redefinition
  d:\gitproject\project\projectcs202\projectcs202\object.h(6): note: see declaration of 'CObject'
d:\gitproject\project\projectcs202\projectcs202\animal.h(6): error C2504: 'CObject': base class undefined
d:\gitproject\project\projectcs202\projectcs202\animal.h(13): error C4430: missing type specifier - int assumed. Note: C++ does not support default-int
d:\gitproject\project\projectcs202\projectcs202\animal.h(13): error C2143: syntax error: missing ',' before '&'
d:\gitproject\project\projectcs202\projectcs202\animal.h(8): error C2614: 'CANIMAL': illegal member initialization: 'CObject' is not a base or member
d:\gitproject\project\projectcs202\projectcs202\animal.h(15): error C2027: use of undefined type 'CObject'
  d:\gitproject\project\projectcs202\projectcs202\object.h(6): note: see declaration of 'CObject'
d:\gitproject\project\projectcs202\projectcs202\animal.h(15): error C2065: 'tmp': undeclared identifier
d:\gitproject\project\projectcs202\projectcs202\animal.h(19): error C2027: use of undefined type 'CObject'
  d:\gitproject\project\projectcs202\projectcs202\object.h(6): note: see declaration of 'CObject'
d:\gitproject\project\projectcs202\projectcs202\animal.h(23): error C2027: use of undefined type 'CObject'
  d:\gitproject\project\projectcs202\projectcs202\object.h(6): note: see declaration of 'CObject'
d:\gitproject\project\projectcs202\projectcs202\animal.h(41): error C4430: missing type specifier - int assumed. Note: C++ does not support default-int
d:\gitproject\project\projectcs202\projectcs202\animal.h(41): error C2143: syntax error: missing ',' before '&'
d:\gitproject\project\projectcs202\projectcs202\animal.h(43): error C2065: 'tmp': undeclared identifier
d:\gitproject\project\projectcs202\projectcs202\animal.h(68): error C4430: missing type specifier - int assumed. Note: C++ does not support default-int
d:\gitproject\project\projectcs202\projectcs202\animal.h(68): error C2143: syntax error: missing ',' before '&'
d:\gitproject\project\projectcs202\projectcs202\animal.h(70): error C2065: 'tmp': undeclared identifier
d:\gitproject\project\projectcs202\projectcs202\animal.h(3): error C2374: 'CDINOSAUR_SOUND_FILE': redefinition; multiple initialization
  d:\gitproject\project\projectcs202\projectcs202\animal.h(3): note: see declaration of 'CDINOSAUR_SOUND_FILE'
d:\gitproject\project\projectcs202\projectcs202\animal.h(4): error C2374: 'CBIRD_SOUND_FILE': redefinition; multiple initialization
  d:\gitproject\project\projectcs202\projectcs202\animal.h(4): note: see declaration of 'CBIRD_SOUND_FILE'
d:\gitproject\project\projectcs202\projectcs202\animal.h(6): error C2011: 'CANIMAL': 'class' type redefinition
  d:\gitproject\project\projectcs202\projectcs202\animal.h(6): note: see declaration of 'CANIMAL'
d:\gitproject\project\projectcs202\projectcs202\animal.h(34): error C2011: 'CDINOSAUR': 'class' type redefinition
  d:\gitproject\project\projectcs202\projectcs202\animal.h(34): note: see declaration of 'CDINOSAUR'
d:\gitproject\project\projectcs202\projectcs202\animal.h(61): error C2011: 'CBIRD': 'class' type redefinition
  d:\gitproject\project\projectcs202\projectcs202\animal.h(61): note: see declaration of 'CBIRD'
d:\gitproject\project\projectcs202\projectcs202\vehicle.h(3): error C2504: 'CObject': base class undefined
d:\gitproject\project\projectcs202\projectcs202\vehicle.h(10): error C4430: missing type specifier - int assumed. Note: C++ does not support default-int
d:\gitproject\project\projectcs202\projectcs202\vehicle.h(10): error C2143: syntax error: missing ',' before '&'
d:\gitproject\project\projectcs202\projectcs202\vehicle.h(5): error C2614: 'CVEHICLE': illegal member initialization: 'CObject' is not a base or member
d:\gitproject\project\projectcs202\projectcs202\vehicle.h(12): error C2027: use of undefined type 'CObject'
  d:\gitproject\project\projectcs202\projectcs202\object.h(6): note: see declaration of 'CObject'
d:\gitproject\project\projectcs202\projectcs202\vehicle.h(12): error C2065: 'tmp': undeclared identifier
d:\gitproject\project\projectcs202\projectcs202\vehicle.h(16): error C2027: use of undefined type 'CObject'
  d:\gitproject\project\projectcs202\projectcs202\object.h(6): note: see declaration of 'CObject'
d:\gitproject\project\projectcs202\projectcs202\vehicle.h(20): error C2027: use of undefined type 'CObject'
  d:\gitproject\project\projectcs202\projectcs202\object.h(6): note: see declaration of 'CObject'
d:\gitproject\project\projectcs202\projectcs202\vehicle.h(35): error C4430: missing type specifier - int assumed. Note: C++ does not support default-int
d:\gitproject\project\projectcs202\projectcs202\vehicle.h(35): error C2143: syntax error: missing ',' before '&'
d:\gitproject\project\projectcs202\projectcs202\vehicle.h(37): error C2065: 'tmp': undeclared identifier
d:\gitproject\project\projectcs202\projectcs202\vehicle.h(59): error C2664: 'bool CVEHICLE::isCollide(const int)': cannot convert argument 1 from 'const CObject' to 'const int'
  d:\gitproject\project\projectcs202\projectcs202\vehicle.h(59): note: use of undefined type 'CObject'
  d:\gitproject\project\projectcs202\projectcs202\object.h(6): note: see declaration of 'CObject'
d:\gitproject\project\projectcs202\projectcs202\vehicle.h(63): error C2027: use of undefined type 'CObject'
  d:\gitproject\project\projectcs202\projectcs202\object.h(6): note: see declaration of 'CObject'
d:\gitproject\project\projectcs202\projectcs202\vehicle.h(67): error C2027: use of undefined type 'CObject'
  d:\gitproject\project\projectcs202\projectcs202\object.h(6): note: see declaration of 'CObject'
d:\gitproject\project\projectcs202\projectcs202\people.h(5): error C2504: 'CObject': base class undefined
d:\gitproject\project\projectcs202\projectcs202\people.h(10): error C2027: use of undefined type 'CObject'
  d:\gitproject\project\projectcs202\projectcs202\object.h(6): note: see declaration of 'CObject'
d:\gitproject\project\projectcs202\projectcs202\people.h(10): error C3861: 'GoUp': identifier not found
d:\gitproject\project\projectcs202\projectcs202\people.h(11): error C2027: use of undefined type 'CObject'
  d:\gitproject\project\projectcs202\projectcs202\object.h(6): note: see declaration of 'CObject'
d:\gitproject\project\projectcs202\projectcs202\people.h(11): error C3861: 'GoLeft': identifier not found
d:\gitproject\project\projectcs202\projectcs202\people.h(12): error C2027: use of undefined type 'CObject'
  d:\gitproject\project\projectcs202\projectcs202\object.h(6): note: see declaration of 'CObject'
d:\gitproject\project\projectcs202\projectcs202\people.h(12): error C3861: 'GoRight': identifier not found
d:\gitproject\project\projectcs202\projectcs202\people.h(13): error C2027: use of undefined type 'CObject'
  d:\gitproject\project\projectcs202\projectcs202\object.h(6): note: see declaration of 'CObject'
d:\gitproject\project\projectcs202\projectcs202\people.h(13): error C3861: 'GoDown': identifier not found
d:\gitproject\project\projectcs202\projectcs202\people.h(19): error C3861: 'isCollide': identifier not found
d:\gitproject\project\projectcs202\projectcs202\people.h(29): error C3861: 'isCollide': identifier not found
d:\gitproject\project\projectcs202\projectcs202\vehicle.h(3): error C2011: 'CVEHICLE': 'class' type redefinition
  d:\gitproject\project\projectcs202\projectcs202\vehicle.h(3): note: see declaration of 'CVEHICLE'
d:\gitproject\project\projectcs202\projectcs202\vehicle.h(28): error C2011: 'CTRUCK': 'class' type redefinition
  d:\gitproject\project\projectcs202\projectcs202\vehicle.h(28): note: see declaration of 'CTRUCK'
d:\gitproject\project\projectcs202\projectcs202\vehicle.h(50): error C2011: 'CCAR': 'class' type redefinition
  d:\gitproject\project\projectcs202\projectcs202\vehicle.h(50): note: see declaration of 'CCAR'
  Source.cpp
  Generating Code...
